-------------------------------------------------------------------------------
Test set: com.javaselflearning.springdataspringwebJDBCbasic.SpringDataSpringWebJdbcBasicApplicationTests
-------------------------------------------------------------------------------
Tests run: 1, Failures: 0, Errors: 1, Skipped: 0, Time elapsed: 5.96 s <<< FAILURE! - in com.javaselflearning.springdataspringwebJDBCbasic.SpringDataSpringWebJdbcBasicApplicationTests
contextLoads  Time elapsed: 0.02 s  <<< ERROR!
java.lang.IllegalStateException: Failed to load ApplicationContext
Caused by: org.springframework.beans.factory.BeanCreationException: Error creating bean with name 'dataSource' defined in class path resource [org/springframework/boot/autoconfigure/jdbc/DataSourceConfiguration$Hikari.class]: Bean instantiation via factory method failed; nested exception is org.springframework.beans.BeanInstantiationException: Failed to instantiate [com.zaxxer.hikari.HikariDataSource]: Factory method 'dataSource' threw exception; nested exception is java.lang.IllegalStateException: Cannot load driver class: com.mysql.cj.jdbc.driver
Caused by: org.springframework.beans.BeanInstantiationException: Failed to instantiate [com.zaxxer.hikari.HikariDataSource]: Factory method 'dataSource' threw exception; nested exception is java.lang.IllegalStateException: Cannot load driver class: com.mysql.cj.jdbc.driver
Caused by: java.lang.IllegalStateException: Cannot load driver class: com.mysql.cj.jdbc.driver

